<?xml version="1.0" encoding="UTF-8"?>
<coverage generated="1521459571593" clover="3.2.0">
  <project timestamp="1521459571593" name="All files">
    <metrics statements="55" coveredstatements="55" conditionals="38" coveredconditionals="38" methods="17" coveredmethods="17" elements="110" coveredelements="110" complexity="0" loc="55" ncloc="55" packages="1" files="16" classes="16">
      <file name="Box.js" path="/home/tomas/Projects/bulma-in-react/src/Components/Box.js">
        <metrics statements="3" coveredstatements="3" conditionals="0" coveredconditionals="0" methods="1" coveredmethods="1"/>
        <line num="6" count="1" type="stmt"/>
        <line num="7" count="1" type="stmt"/>
        <line num="11" count="15" type="stmt"/>
      </file>
      <file name="Button.js" path="/home/tomas/Projects/bulma-in-react/src/Components/Button.js">
        <metrics statements="4" coveredstatements="4" conditionals="2" coveredconditionals="2" methods="1" coveredmethods="1"/>
        <line num="26" count="15" type="stmt"/>
        <line num="28" count="15" type="stmt"/>
        <line num="45" count="15" type="stmt"/>
        <line num="56" count="15" type="stmt"/>
      </file>
      <file name="Card.js" path="/home/tomas/Projects/bulma-in-react/src/Components/Card.js">
        <metrics statements="3" coveredstatements="3" conditionals="7" coveredconditionals="7" methods="1" coveredmethods="1"/>
        <line num="6" count="4" type="cond" truecount="1" falsecount="0"/>
        <line num="8" count="4" type="stmt"/>
        <line num="39" count="15" type="stmt"/>
      </file>
      <file name="CardFooterItem.js" path="/home/tomas/Projects/bulma-in-react/src/Components/CardFooterItem.js">
        <metrics statements="3" coveredstatements="3" conditionals="0" coveredconditionals="0" methods="1" coveredmethods="1"/>
        <line num="6" count="2" type="stmt"/>
        <line num="8" count="2" type="stmt"/>
        <line num="16" count="15" type="stmt"/>
      </file>
      <file name="Content.js" path="/home/tomas/Projects/bulma-in-react/src/Components/Content.js">
        <metrics statements="3" coveredstatements="3" conditionals="0" coveredconditionals="0" methods="1" coveredmethods="1"/>
        <line num="6" count="1" type="stmt"/>
        <line num="7" count="1" type="stmt"/>
        <line num="13" count="15" type="stmt"/>
      </file>
      <file name="Field.js" path="/home/tomas/Projects/bulma-in-react/src/Components/Field.js">
        <metrics statements="3" coveredstatements="3" conditionals="10" coveredconditionals="10" methods="1" coveredmethods="1"/>
        <line num="13" count="6" type="stmt"/>
        <line num="15" count="6" type="stmt"/>
        <line num="28" count="15" type="stmt"/>
      </file>
      <file name="Hero.js" path="/home/tomas/Projects/bulma-in-react/src/Components/Hero.js">
        <metrics statements="5" coveredstatements="5" conditionals="4" coveredconditionals="4" methods="1" coveredmethods="1"/>
        <line num="16" count="8" type="stmt"/>
        <line num="17" count="8" type="stmt"/>
        <line num="27" count="8" type="stmt"/>
        <line num="44" count="15" type="stmt"/>
        <line num="55" count="15" type="stmt"/>
      </file>
      <file name="Icon.js" path="/home/tomas/Projects/bulma-in-react/src/Components/Icon.js">
        <metrics statements="3" coveredstatements="3" conditionals="0" coveredconditionals="0" methods="1" coveredmethods="1"/>
        <line num="8" count="1" type="stmt"/>
        <line num="10" count="1" type="stmt"/>
        <line num="18" count="15" type="stmt"/>
      </file>
      <file name="Input.js" path="/home/tomas/Projects/bulma-in-react/src/Components/Input.js">
        <metrics statements="5" coveredstatements="5" conditionals="1" coveredconditionals="1" methods="1" coveredmethods="1"/>
        <line num="7" count="3" type="cond" truecount="1" falsecount="0"/>
        <line num="8" count="3" type="stmt"/>
        <line num="15" count="3" type="stmt"/>
        <line num="19" count="15" type="stmt"/>
        <line num="23" count="15" type="stmt"/>
      </file>
      <file name="Level.js" path="/home/tomas/Projects/bulma-in-react/src/Components/Level.js">
        <metrics statements="4" coveredstatements="4" conditionals="0" coveredconditionals="0" methods="2" coveredmethods="2"/>
        <line num="6" count="1" type="stmt"/>
        <line num="7" count="1" type="stmt"/>
        <line num="10" count="2" type="stmt"/>
        <line num="22" count="15" type="stmt"/>
      </file>
      <file name="Loader.js" path="/home/tomas/Projects/bulma-in-react/src/Components/Loader.js">
        <metrics statements="5" coveredstatements="5" conditionals="3" coveredconditionals="3" methods="1" coveredmethods="1"/>
        <line num="6" count="3" type="cond" truecount="1" falsecount="0"/>
        <line num="8" count="3" type="cond" truecount="2" falsecount="0"/>
        <line num="9" count="1" type="stmt"/>
        <line num="11" count="2" type="stmt"/>
        <line num="21" count="15" type="stmt"/>
      </file>
      <file name="Notification.js" path="/home/tomas/Projects/bulma-in-react/src/Components/Notification.js">
        <metrics statements="4" coveredstatements="4" conditionals="0" coveredconditionals="0" methods="1" coveredmethods="1"/>
        <line num="15" count="6" type="stmt"/>
        <line num="17" count="6" type="stmt"/>
        <line num="26" count="6" type="stmt"/>
        <line num="30" count="15" type="stmt"/>
      </file>
      <file name="RangeField.js" path="/home/tomas/Projects/bulma-in-react/src/Components/RangeField.js">
        <metrics statements="6" coveredstatements="6" conditionals="7" coveredconditionals="7" methods="2" coveredmethods="2"/>
        <line num="6" count="2" type="cond" truecount="1" falsecount="0"/>
        <line num="7" count="2" type="cond" truecount="2" falsecount="0"/>
        <line num="9" count="1" type="stmt"/>
        <line num="29" count="15" type="stmt"/>
        <line num="31" count="4" type="cond" truecount="4" falsecount="0"/>
        <line num="32" count="2" type="stmt"/>
      </file>
      <file name="Textarea.js" path="/home/tomas/Projects/bulma-in-react/src/Components/Textarea.js">
        <metrics statements="1" coveredstatements="1" conditionals="0" coveredconditionals="0" methods="1" coveredmethods="1"/>
        <line num="5" count="1" type="stmt"/>
      </file>
      <file name="Tile.js" path="/home/tomas/Projects/bulma-in-react/src/Components/Tile.js">
        <metrics statements="3" coveredstatements="3" conditionals="4" coveredconditionals="4" methods="1" coveredmethods="1"/>
        <line num="6" count="3" type="stmt"/>
        <line num="7" count="3" type="stmt"/>
        <line num="21" count="15" type="stmt"/>
      </file>
      <file name="index.js" path="/home/tomas/Projects/bulma-in-react/src/Components/index.js">
        <metrics statements="0" coveredstatements="0" conditionals="0" coveredconditionals="0" methods="0" coveredmethods="0"/>
      </file>
    </metrics>
  </project>
</coverage>
