{"/home/tomas/Projects/bulma-in-react/src/Components/Box.js": {"path":"/home/tomas/Projects/bulma-in-react/src/Components/Box.js","statementMap":{"0":{"start":{"line":6,"column":25},"end":{"line":6,"column":35}},"1":{"start":{"line":7,"column":4},"end":{"line":7,"column":56}},"2":{"start":{"line":11,"column":0},"end":{"line":13,"column":1}}},"fnMap":{"0":{"name":"(anonymous_0)","decl":{"start":{"line":5,"column":2},"end":{"line":5,"column":3}},"loc":{"start":{"line":5,"column":12},"end":{"line":8,"column":3}},"line":5}},"branchMap":{},"s":{"0":1,"1":1,"2":15},"f":{"0":1},"b":{},"_coverageSchema":"332fd63041d2c1bcb487cc26dd0d5f7d97098a6c","hash":"90ac35c5bb399e197ca82a9e8b72c05d9248fc3c"}
,"/home/tomas/Projects/bulma-in-react/src/Components/Button.js": {"path":"/home/tomas/Projects/bulma-in-react/src/Components/Button.js","statementMap":{"0":{"start":{"line":26,"column":8},"end":{"line":26,"column":18}},"1":{"start":{"line":28,"column":22},"end":{"line":43,"column":6}},"2":{"start":{"line":45,"column":4},"end":{"line":52,"column":5}},"3":{"start":{"line":56,"column":0},"end":{"line":73,"column":1}}},"fnMap":{"0":{"name":"(anonymous_0)","decl":{"start":{"line":7,"column":2},"end":{"line":7,"column":3}},"loc":{"start":{"line":7,"column":12},"end":{"line":53,"column":3}},"line":7}},"branchMap":{"0":{"loc":{"start":{"line":48,"column":11},"end":{"line":48,"column":95}},"type":"binary-expr","locations":[{"start":{"line":48,"column":11},"end":{"line":48,"column":17}},{"start":{"line":48,"column":21},"end":{"line":48,"column":95}}],"line":48}},"s":{"0":15,"1":15,"2":15,"3":15},"f":{"0":15},"b":{"0":[15,1]},"_coverageSchema":"332fd63041d2c1bcb487cc26dd0d5f7d97098a6c","hash":"88e6b0958e52a773362eacc79921405930d64057"}
,"/home/tomas/Projects/bulma-in-react/src/Components/Card.js": {"path":"/home/tomas/Projects/bulma-in-react/src/Components/Card.js","statementMap":{"0":{"start":{"line":6,"column":58},"end":{"line":6,"column":68}},"1":{"start":{"line":8,"column":4},"end":{"line":33,"column":5}},"2":{"start":{"line":39,"column":0},"end":{"line":44,"column":1}}},"fnMap":{"0":{"name":"(anonymous_0)","decl":{"start":{"line":5,"column":2},"end":{"line":5,"column":3}},"loc":{"start":{"line":5,"column":12},"end":{"line":34,"column":3}},"line":5}},"branchMap":{"0":{"loc":{"start":{"line":6,"column":37},"end":{"line":6,"column":53}},"type":"default-arg","locations":[{"start":{"line":6,"column":51},"end":{"line":6,"column":53}}],"line":6},"1":{"loc":{"start":{"line":10,"column":9},"end":{"line":16,"column":9}},"type":"binary-expr","locations":[{"start":{"line":10,"column":9},"end":{"line":10,"column":17}},{"start":{"line":11,"column":10},"end":{"line":15,"column":19}}],"line":10},"2":{"loc":{"start":{"line":17,"column":9},"end":{"line":21,"column":9}},"type":"binary-expr","locations":[{"start":{"line":17,"column":9},"end":{"line":17,"column":16}},{"start":{"line":18,"column":10},"end":{"line":20,"column":19}}],"line":17},"3":{"loc":{"start":{"line":27,"column":9},"end":{"line":31,"column":9}},"type":"binary-expr","locations":[{"start":{"line":27,"column":9},"end":{"line":27,"column":29}},{"start":{"line":28,"column":10},"end":{"line":30,"column":19}}],"line":27}},"s":{"0":4,"1":4,"2":15},"f":{"0":4},"b":{"0":[3],"1":[4,1],"2":[4,1],"3":[4,1]},"_coverageSchema":"332fd63041d2c1bcb487cc26dd0d5f7d97098a6c","hash":"b55d2081896ce13c3d8c7aec6728482c385e48b7"}
,"/home/tomas/Projects/bulma-in-react/src/Components/CardFooterItem.js": {"path":"/home/tomas/Projects/bulma-in-react/src/Components/CardFooterItem.js","statementMap":{"0":{"start":{"line":6,"column":34},"end":{"line":6,"column":44}},"1":{"start":{"line":8,"column":4},"end":{"line":12,"column":5}},"2":{"start":{"line":16,"column":0},"end":{"line":18,"column":1}}},"fnMap":{"0":{"name":"(anonymous_0)","decl":{"start":{"line":5,"column":2},"end":{"line":5,"column":3}},"loc":{"start":{"line":5,"column":12},"end":{"line":13,"column":3}},"line":5}},"branchMap":{},"s":{"0":2,"1":2,"2":15},"f":{"0":2},"b":{},"_coverageSchema":"332fd63041d2c1bcb487cc26dd0d5f7d97098a6c","hash":"7e8e754d924f4c1fa1e16955337ba048dffeb4ed"}
,"/home/tomas/Projects/bulma-in-react/src/Components/Content.js": {"path":"/home/tomas/Projects/bulma-in-react/src/Components/Content.js","statementMap":{"0":{"start":{"line":6,"column":25},"end":{"line":6,"column":35}},"1":{"start":{"line":7,"column":4},"end":{"line":9,"column":5}},"2":{"start":{"line":13,"column":0},"end":{"line":15,"column":1}}},"fnMap":{"0":{"name":"(anonymous_0)","decl":{"start":{"line":5,"column":2},"end":{"line":5,"column":3}},"loc":{"start":{"line":5,"column":12},"end":{"line":10,"column":3}},"line":5}},"branchMap":{},"s":{"0":1,"1":1,"2":15},"f":{"0":1},"b":{},"_coverageSchema":"332fd63041d2c1bcb487cc26dd0d5f7d97098a6c","hash":"4a202ae766d9f7c89f60b010bb17140dec95768d"}
,"/home/tomas/Projects/bulma-in-react/src/Components/Field.js": {"path":"/home/tomas/Projects/bulma-in-react/src/Components/Field.js","statementMap":{"0":{"start":{"line":13,"column":8},"end":{"line":13,"column":18}},"1":{"start":{"line":15,"column":4},"end":{"line":24,"column":5}},"2":{"start":{"line":28,"column":0},"end":{"line":34,"column":1}}},"fnMap":{"0":{"name":"(anonymous_0)","decl":{"start":{"line":6,"column":2},"end":{"line":6,"column":3}},"loc":{"start":{"line":6,"column":12},"end":{"line":25,"column":3}},"line":6}},"branchMap":{"0":{"loc":{"start":{"line":8,"column":6},"end":{"line":8,"column":21}},"type":"default-arg","locations":[{"start":{"line":8,"column":17},"end":{"line":8,"column":21}}],"line":8},"1":{"loc":{"start":{"line":9,"column":6},"end":{"line":9,"column":16}},"type":"default-arg","locations":[{"start":{"line":9,"column":14},"end":{"line":9,"column":16}}],"line":9},"2":{"loc":{"start":{"line":10,"column":6},"end":{"line":10,"column":16}},"type":"default-arg","locations":[{"start":{"line":10,"column":14},"end":{"line":10,"column":16}}],"line":10},"3":{"loc":{"start":{"line":11,"column":6},"end":{"line":11,"column":18}},"type":"default-arg","locations":[{"start":{"line":11,"column":16},"end":{"line":11,"column":18}}],"line":11},"4":{"loc":{"start":{"line":17,"column":9},"end":{"line":17,"column":58}},"type":"binary-expr","locations":[{"start":{"line":17,"column":9},"end":{"line":17,"column":14}},{"start":{"line":17,"column":18},"end":{"line":17,"column":58}}],"line":17},"5":{"loc":{"start":{"line":21,"column":9},"end":{"line":21,"column":61}},"type":"binary-expr","locations":[{"start":{"line":21,"column":9},"end":{"line":21,"column":16}},{"start":{"line":21,"column":20},"end":{"line":21,"column":61}}],"line":21},"6":{"loc":{"start":{"line":22,"column":9},"end":{"line":22,"column":66}},"type":"binary-expr","locations":[{"start":{"line":22,"column":9},"end":{"line":22,"column":18}},{"start":{"line":22,"column":22},"end":{"line":22,"column":66}}],"line":22}},"s":{"0":6,"1":6,"2":15},"f":{"0":6},"b":{"0":[5],"1":[5],"2":[5],"3":[5],"4":[6,1],"5":[6,1],"6":[6,1]},"_coverageSchema":"332fd63041d2c1bcb487cc26dd0d5f7d97098a6c","hash":"e954fa97366eccc3eb1bb7faa4405318711c3076"}
,"/home/tomas/Projects/bulma-in-react/src/Components/Hero.js": {"path":"/home/tomas/Projects/bulma-in-react/src/Components/Hero.js","statementMap":{"0":{"start":{"line":16,"column":8},"end":{"line":16,"column":18}},"1":{"start":{"line":17,"column":22},"end":{"line":25,"column":6}},"2":{"start":{"line":27,"column":4},"end":{"line":40,"column":5}},"3":{"start":{"line":44,"column":0},"end":{"line":53,"column":1}},"4":{"start":{"line":55,"column":0},"end":{"line":58,"column":1}}},"fnMap":{"0":{"name":"(anonymous_0)","decl":{"start":{"line":6,"column":2},"end":{"line":6,"column":3}},"loc":{"start":{"line":6,"column":12},"end":{"line":41,"column":3}},"line":6}},"branchMap":{"0":{"loc":{"start":{"line":31,"column":13},"end":{"line":33,"column":13}},"type":"binary-expr","locations":[{"start":{"line":31,"column":13},"end":{"line":31,"column":20}},{"start":{"line":32,"column":14},"end":{"line":32,"column":48}}],"line":31},"1":{"loc":{"start":{"line":34,"column":13},"end":{"line":36,"column":13}},"type":"binary-expr","locations":[{"start":{"line":34,"column":13},"end":{"line":34,"column":23}},{"start":{"line":35,"column":14},"end":{"line":35,"column":54}}],"line":34}},"s":{"0":8,"1":8,"2":8,"3":15,"4":15},"f":{"0":8},"b":{"0":[8,1],"1":[8,1]},"_coverageSchema":"332fd63041d2c1bcb487cc26dd0d5f7d97098a6c","hash":"01c960bf9466a60d67f7a506471b7e60cf71b436"}
,"/home/tomas/Projects/bulma-in-react/src/Components/Icon.js": {"path":"/home/tomas/Projects/bulma-in-react/src/Components/Icon.js","statementMap":{"0":{"start":{"line":8,"column":8},"end":{"line":8,"column":18}},"1":{"start":{"line":10,"column":4},"end":{"line":14,"column":5}},"2":{"start":{"line":18,"column":0},"end":{"line":20,"column":1}}},"fnMap":{"0":{"name":"(anonymous_0)","decl":{"start":{"line":5,"column":2},"end":{"line":5,"column":3}},"loc":{"start":{"line":5,"column":12},"end":{"line":15,"column":3}},"line":5}},"branchMap":{},"s":{"0":1,"1":1,"2":15},"f":{"0":1},"b":{},"_coverageSchema":"332fd63041d2c1bcb487cc26dd0d5f7d97098a6c","hash":"b47ea20e70c52d050340cc3a611b623ed540e98f"}
,"/home/tomas/Projects/bulma-in-react/src/Components/Input.js": {"path":"/home/tomas/Projects/bulma-in-react/src/Components/Input.js","statementMap":{"0":{"start":{"line":7,"column":65},"end":{"line":7,"column":75}},"1":{"start":{"line":8,"column":23},"end":{"line":14,"column":5}},"2":{"start":{"line":15,"column":4},"end":{"line":15,"column":58}},"3":{"start":{"line":19,"column":0},"end":{"line":21,"column":1}},"4":{"start":{"line":23,"column":0},"end":{"line":27,"column":1}}},"fnMap":{"0":{"name":"(anonymous_0)","decl":{"start":{"line":6,"column":2},"end":{"line":6,"column":3}},"loc":{"start":{"line":6,"column":12},"end":{"line":16,"column":3}},"line":6}},"branchMap":{"0":{"loc":{"start":{"line":7,"column":27},"end":{"line":7,"column":46}},"type":"default-arg","locations":[{"start":{"line":7,"column":39},"end":{"line":7,"column":46}}],"line":7}},"s":{"0":3,"1":3,"2":3,"3":15,"4":15},"f":{"0":3},"b":{"0":[3]},"_coverageSchema":"332fd63041d2c1bcb487cc26dd0d5f7d97098a6c","hash":"12e14d861553d23839fea796245656ac17ec7d6c"}
,"/home/tomas/Projects/bulma-in-react/src/Components/Level.js": {"path":"/home/tomas/Projects/bulma-in-react/src/Components/Level.js","statementMap":{"0":{"start":{"line":6,"column":22},"end":{"line":6,"column":32}},"1":{"start":{"line":7,"column":4},"end":{"line":18,"column":5}},"2":{"start":{"line":10,"column":10},"end":{"line":15,"column":16}},"3":{"start":{"line":22,"column":0},"end":{"line":27,"column":1}}},"fnMap":{"0":{"name":"(anonymous_0)","decl":{"start":{"line":5,"column":2},"end":{"line":5,"column":3}},"loc":{"start":{"line":5,"column":12},"end":{"line":19,"column":3}},"line":5},"1":{"name":"(anonymous_1)","decl":{"start":{"line":9,"column":19},"end":{"line":9,"column":20}},"loc":{"start":{"line":10,"column":10},"end":{"line":15,"column":16}},"line":10}},"branchMap":{},"s":{"0":1,"1":1,"2":2,"3":15},"f":{"0":1,"1":2},"b":{},"_coverageSchema":"332fd63041d2c1bcb487cc26dd0d5f7d97098a6c","hash":"8beea7a69a235f1e08166190bcb37571acf7ceb2"}
,"/home/tomas/Projects/bulma-in-react/src/Components/Loader.js": {"path":"/home/tomas/Projects/bulma-in-react/src/Components/Loader.js","statementMap":{"0":{"start":{"line":6,"column":31},"end":{"line":6,"column":41}},"1":{"start":{"line":8,"column":4},"end":{"line":10,"column":5}},"2":{"start":{"line":9,"column":6},"end":{"line":9,"column":17}},"3":{"start":{"line":11,"column":4},"end":{"line":17,"column":5}},"4":{"start":{"line":21,"column":0},"end":{"line":24,"column":1}}},"fnMap":{"0":{"name":"(anonymous_0)","decl":{"start":{"line":5,"column":2},"end":{"line":5,"column":3}},"loc":{"start":{"line":5,"column":12},"end":{"line":18,"column":3}},"line":5}},"branchMap":{"0":{"loc":{"start":{"line":6,"column":19},"end":{"line":6,"column":27}},"type":"default-arg","locations":[{"start":{"line":6,"column":26},"end":{"line":6,"column":27}}],"line":6},"1":{"loc":{"start":{"line":8,"column":4},"end":{"line":10,"column":5}},"type":"if","locations":[{"start":{"line":8,"column":4},"end":{"line":10,"column":5}},{"start":{"line":8,"column":4},"end":{"line":10,"column":5}}],"line":8}},"s":{"0":3,"1":3,"2":1,"3":2,"4":15},"f":{"0":3},"b":{"0":[2],"1":[1,2]},"_coverageSchema":"332fd63041d2c1bcb487cc26dd0d5f7d97098a6c","hash":"08d59c9bdd2a9b97d40ac7430ef7923fbfdc855a"}
,"/home/tomas/Projects/bulma-in-react/src/Components/Notification.js": {"path":"/home/tomas/Projects/bulma-in-react/src/Components/Notification.js","statementMap":{"0":{"start":{"line":15,"column":8},"end":{"line":15,"column":18}},"1":{"start":{"line":17,"column":22},"end":{"line":25,"column":6}},"2":{"start":{"line":26,"column":4},"end":{"line":26,"column":54}},"3":{"start":{"line":30,"column":0},"end":{"line":38,"column":1}}},"fnMap":{"0":{"name":"(anonymous_0)","decl":{"start":{"line":6,"column":2},"end":{"line":6,"column":3}},"loc":{"start":{"line":6,"column":12},"end":{"line":27,"column":3}},"line":6}},"branchMap":{},"s":{"0":6,"1":6,"2":6,"3":15},"f":{"0":6},"b":{},"_coverageSchema":"332fd63041d2c1bcb487cc26dd0d5f7d97098a6c","hash":"2e9e09c91b545fc5dfe8418c1fbfb57caebad6d4"}
,"/home/tomas/Projects/bulma-in-react/src/Components/RangeField.js": {"path":"/home/tomas/Projects/bulma-in-react/src/Components/RangeField.js","statementMap":{"0":{"start":{"line":6,"column":42},"end":{"line":6,"column":52}},"1":{"start":{"line":7,"column":4},"end":{"line":7,"column":46}},"2":{"start":{"line":7,"column":33},"end":{"line":7,"column":44}},"3":{"start":{"line":9,"column":4},"end":{"line":25,"column":5}},"4":{"start":{"line":29,"column":0},"end":{"line":36,"column":1}},"5":{"start":{"line":31,"column":4},"end":{"line":33,"column":5}},"6":{"start":{"line":32,"column":6},"end":{"line":32,"column":47}}},"fnMap":{"0":{"name":"(anonymous_0)","decl":{"start":{"line":5,"column":2},"end":{"line":5,"column":3}},"loc":{"start":{"line":5,"column":12},"end":{"line":26,"column":3}},"line":5},"1":{"name":"(anonymous_1)","decl":{"start":{"line":30,"column":12},"end":{"line":30,"column":13}},"loc":{"start":{"line":30,"column":36},"end":{"line":34,"column":3}},"line":30}},"branchMap":{"0":{"loc":{"start":{"line":6,"column":22},"end":{"line":6,"column":37}},"type":"default-arg","locations":[{"start":{"line":6,"column":34},"end":{"line":6,"column":37}}],"line":6},"1":{"loc":{"start":{"line":7,"column":4},"end":{"line":7,"column":46}},"type":"if","locations":[{"start":{"line":7,"column":4},"end":{"line":7,"column":46}},{"start":{"line":7,"column":4},"end":{"line":7,"column":46}}],"line":7},"2":{"loc":{"start":{"line":31,"column":4},"end":{"line":33,"column":5}},"type":"if","locations":[{"start":{"line":31,"column":4},"end":{"line":33,"column":5}},{"start":{"line":31,"column":4},"end":{"line":33,"column":5}}],"line":31},"3":{"loc":{"start":{"line":31,"column":8},"end":{"line":31,"column":64}},"type":"binary-expr","locations":[{"start":{"line":31,"column":8},"end":{"line":31,"column":39}},{"start":{"line":31,"column":43},"end":{"line":31,"column":64}}],"line":31}},"s":{"0":2,"1":2,"2":1,"3":1,"4":15,"5":4,"6":2},"f":{"0":2,"1":4},"b":{"0":[2],"1":[1,1],"2":[2,2],"3":[4,4]},"_coverageSchema":"332fd63041d2c1bcb487cc26dd0d5f7d97098a6c","hash":"7bbec5861e025fbdecd9e0544a1b7f76e5cb233d"}
,"/home/tomas/Projects/bulma-in-react/src/Components/Textarea.js": {"path":"/home/tomas/Projects/bulma-in-react/src/Components/Textarea.js","statementMap":{"0":{"start":{"line":5,"column":4},"end":{"line":7,"column":5}}},"fnMap":{"0":{"name":"(anonymous_0)","decl":{"start":{"line":4,"column":2},"end":{"line":4,"column":3}},"loc":{"start":{"line":4,"column":12},"end":{"line":8,"column":3}},"line":4}},"branchMap":{},"s":{"0":1},"f":{"0":1},"b":{},"_coverageSchema":"332fd63041d2c1bcb487cc26dd0d5f7d97098a6c","hash":"4a1d9445958f0ff827b94a5cf97e314eb831ba58"}
,"/home/tomas/Projects/bulma-in-react/src/Components/Tile.js": {"path":"/home/tomas/Projects/bulma-in-react/src/Components/Tile.js","statementMap":{"0":{"start":{"line":6,"column":42},"end":{"line":6,"column":52}},"1":{"start":{"line":7,"column":4},"end":{"line":17,"column":5}},"2":{"start":{"line":21,"column":0},"end":{"line":25,"column":1}}},"fnMap":{"0":{"name":"(anonymous_0)","decl":{"start":{"line":5,"column":2},"end":{"line":5,"column":3}},"loc":{"start":{"line":5,"column":12},"end":{"line":18,"column":3}},"line":5}},"branchMap":{"0":{"loc":{"start":{"line":11,"column":13},"end":{"line":11,"column":54}},"type":"binary-expr","locations":[{"start":{"line":11,"column":13},"end":{"line":11,"column":18}},{"start":{"line":11,"column":22},"end":{"line":11,"column":54}}],"line":11},"1":{"loc":{"start":{"line":12,"column":13},"end":{"line":12,"column":63}},"type":"binary-expr","locations":[{"start":{"line":12,"column":13},"end":{"line":12,"column":21}},{"start":{"line":12,"column":25},"end":{"line":12,"column":63}}],"line":12}},"s":{"0":3,"1":3,"2":15},"f":{"0":3},"b":{"0":[3,1],"1":[3,1]},"_coverageSchema":"332fd63041d2c1bcb487cc26dd0d5f7d97098a6c","hash":"009781d8263b847ca2441f40bfc16a2a9c0c2fe7"}
,"/home/tomas/Projects/bulma-in-react/src/Components/index.js": {"path":"/home/tomas/Projects/bulma-in-react/src/Components/index.js","statementMap":{},"fnMap":{},"branchMap":{},"s":{},"f":{},"b":{},"_coverageSchema":"332fd63041d2c1bcb487cc26dd0d5f7d97098a6c","hash":"38ae2cefe34702abc6041eedd8c754844ba1f385"}
}
