TN:
SF:/home/tomas/Projects/bulma-in-react/src/Components/Box.js
FN:5,(anonymous_0)
FNF:1
FNH:1
FNDA:1,(anonymous_0)
DA:6,1
DA:7,1
DA:11,15
LF:3
LH:3
BRF:0
BRH:0
end_of_record
TN:
SF:/home/tomas/Projects/bulma-in-react/src/Components/Button.js
FN:7,(anonymous_0)
FNF:1
FNH:1
FNDA:15,(anonymous_0)
DA:26,15
DA:28,15
DA:45,15
DA:56,15
LF:4
LH:4
BRDA:48,0,0,15
BRDA:48,0,1,1
BRF:2
BRH:2
end_of_record
TN:
SF:/home/tomas/Projects/bulma-in-react/src/Components/Card.js
FN:5,(anonymous_0)
FNF:1
FNH:1
FNDA:4,(anonymous_0)
DA:6,4
DA:8,4
DA:39,15
LF:3
LH:3
BRDA:6,0,0,3
BRDA:10,1,0,4
BRDA:10,1,1,1
BRDA:17,2,0,4
BRDA:17,2,1,1
BRDA:27,3,0,4
BRDA:27,3,1,1
BRF:7
BRH:7
end_of_record
TN:
SF:/home/tomas/Projects/bulma-in-react/src/Components/CardFooterItem.js
FN:5,(anonymous_0)
FNF:1
FNH:1
FNDA:2,(anonymous_0)
DA:6,2
DA:8,2
DA:16,15
LF:3
LH:3
BRF:0
BRH:0
end_of_record
TN:
SF:/home/tomas/Projects/bulma-in-react/src/Components/Content.js
FN:5,(anonymous_0)
FNF:1
FNH:1
FNDA:1,(anonymous_0)
DA:6,1
DA:7,1
DA:13,15
LF:3
LH:3
BRF:0
BRH:0
end_of_record
TN:
SF:/home/tomas/Projects/bulma-in-react/src/Components/Field.js
FN:6,(anonymous_0)
FNF:1
FNH:1
FNDA:6,(anonymous_0)
DA:13,6
DA:15,6
DA:28,15
LF:3
LH:3
BRDA:8,0,0,5
BRDA:9,1,0,5
BRDA:10,2,0,5
BRDA:11,3,0,5
BRDA:17,4,0,6
BRDA:17,4,1,1
BRDA:21,5,0,6
BRDA:21,5,1,1
BRDA:22,6,0,6
BRDA:22,6,1,1
BRF:10
BRH:10
end_of_record
TN:
SF:/home/tomas/Projects/bulma-in-react/src/Components/Hero.js
FN:6,(anonymous_0)
FNF:1
FNH:1
FNDA:8,(anonymous_0)
DA:16,8
DA:17,8
DA:27,8
DA:44,15
DA:55,15
LF:5
LH:5
BRDA:31,0,0,8
BRDA:31,0,1,1
BRDA:34,1,0,8
BRDA:34,1,1,1
BRF:4
BRH:4
end_of_record
TN:
SF:/home/tomas/Projects/bulma-in-react/src/Components/Icon.js
FN:5,(anonymous_0)
FNF:1
FNH:1
FNDA:1,(anonymous_0)
DA:8,1
DA:10,1
DA:18,15
LF:3
LH:3
BRF:0
BRH:0
end_of_record
TN:
SF:/home/tomas/Projects/bulma-in-react/src/Components/Input.js
FN:6,(anonymous_0)
FNF:1
FNH:1
FNDA:3,(anonymous_0)
DA:7,3
DA:8,3
DA:15,3
DA:19,15
DA:23,15
LF:5
LH:5
BRDA:7,0,0,3
BRF:1
BRH:1
end_of_record
TN:
SF:/home/tomas/Projects/bulma-in-react/src/Components/Level.js
FN:5,(anonymous_0)
FN:9,(anonymous_1)
FNF:2
FNH:2
FNDA:1,(anonymous_0)
FNDA:2,(anonymous_1)
DA:6,1
DA:7,1
DA:10,2
DA:22,15
LF:4
LH:4
BRF:0
BRH:0
end_of_record
TN:
SF:/home/tomas/Projects/bulma-in-react/src/Components/Loader.js
FN:5,(anonymous_0)
FNF:1
FNH:1
FNDA:3,(anonymous_0)
DA:6,3
DA:8,3
DA:9,1
DA:11,2
DA:21,15
LF:5
LH:5
BRDA:6,0,0,2
BRDA:8,1,0,1
BRDA:8,1,1,2
BRF:3
BRH:3
end_of_record
TN:
SF:/home/tomas/Projects/bulma-in-react/src/Components/Notification.js
FN:6,(anonymous_0)
FNF:1
FNH:1
FNDA:6,(anonymous_0)
DA:15,6
DA:17,6
DA:26,6
DA:30,15
LF:4
LH:4
BRF:0
BRH:0
end_of_record
TN:
SF:/home/tomas/Projects/bulma-in-react/src/Components/RangeField.js
FN:5,(anonymous_0)
FN:30,(anonymous_1)
FNF:2
FNH:2
FNDA:2,(anonymous_0)
FNDA:4,(anonymous_1)
DA:6,2
DA:7,2
DA:9,1
DA:29,15
DA:31,4
DA:32,2
LF:6
LH:6
BRDA:6,0,0,2
BRDA:7,1,0,1
BRDA:7,1,1,1
BRDA:31,2,0,2
BRDA:31,2,1,2
BRDA:31,3,0,4
BRDA:31,3,1,4
BRF:7
BRH:7
end_of_record
TN:
SF:/home/tomas/Projects/bulma-in-react/src/Components/Textarea.js
FN:4,(anonymous_0)
FNF:1
FNH:1
FNDA:1,(anonymous_0)
DA:5,1
LF:1
LH:1
BRF:0
BRH:0
end_of_record
TN:
SF:/home/tomas/Projects/bulma-in-react/src/Components/Tile.js
FN:5,(anonymous_0)
FNF:1
FNH:1
FNDA:3,(anonymous_0)
DA:6,3
DA:7,3
DA:21,15
LF:3
LH:3
BRDA:11,0,0,3
BRDA:11,0,1,1
BRDA:12,1,0,3
BRDA:12,1,1,1
BRF:4
BRH:4
end_of_record
TN:
SF:/home/tomas/Projects/bulma-in-react/src/Components/index.js
FNF:0
FNH:0
LF:0
LH:0
BRF:0
BRH:0
end_of_record
